
CommandNotFoundError: Your shell has not been properly configured to use 'conda activate'.
To initialize your shell, run

    $ conda init <SHELL_NAME>

Currently supported shells are:
  - bash
  - fish
  - tcsh
  - xonsh
  - zsh
  - powershell

See 'conda init --help' for more information and options.

IMPORTANT: You may need to close and restart your shell after running 'conda init'.


/nfs/nhome/live/carlag/granger_lfp/manifoldtest/run_umap_exploratory.py:8: DeprecationWarning: 
Pyarrow will become a required dependency of pandas in the next major release of pandas (pandas 3.0),
(to allow more performant data types, such as the Arrow string type, and better interoperability with other libraries)
but was not found to be installed on your system.
If this would cause problems for you,
please provide us feedback at https://github.com/pandas-dev/pandas/issues/54466
        
  import pandas as pd
/nfs/nhome/live/carlag/granger_lfp/manifoldtest/run_umap_exploratory.py:394: SettingWithCopyWarning: 
A value is trying to be set on a copy of a slice from a DataFrame.
Try using .loc[row_indexer,col_indexer] = value instead

See the caveats in the documentation: https://pandas.pydata.org/pandas-docs/stable/user_guide/indexing.html#returning-a-view-versus-a-copy
  dataframe_unit['trial_number'] = dataframe_unit['trial_number'].astype(int)
/nfs/nhome/live/carlag/granger_lfp/manifoldtest/run_umap_exploratory.py:394: SettingWithCopyWarning: 
A value is trying to be set on a copy of a slice from a DataFrame.
Try using .loc[row_indexer,col_indexer] = value instead

See the caveats in the documentation: https://pandas.pydata.org/pandas-docs/stable/user_guide/indexing.html#returning-a-view-versus-a-copy
  dataframe_unit['trial_number'] = dataframe_unit['trial_number'].astype(int)
/nfs/nhome/live/carlag/granger_lfp/manifoldtest/run_umap_exploratory.py:394: SettingWithCopyWarning: 
A value is trying to be set on a copy of a slice from a DataFrame.
Try using .loc[row_indexer,col_indexer] = value instead

See the caveats in the documentation: https://pandas.pydata.org/pandas-docs/stable/user_guide/indexing.html#returning-a-view-versus-a-copy
  dataframe_unit['trial_number'] = dataframe_unit['trial_number'].astype(int)
/nfs/nhome/live/carlag/granger_lfp/manifoldtest/run_umap_exploratory.py:394: SettingWithCopyWarning: 
A value is trying to be set on a copy of a slice from a DataFrame.
Try using .loc[row_indexer,col_indexer] = value instead

See the caveats in the documentation: https://pandas.pydata.org/pandas-docs/stable/user_guide/indexing.html#returning-a-view-versus-a-copy
  dataframe_unit['trial_number'] = dataframe_unit['trial_number'].astype(int)
/nfs/nhome/live/carlag/granger_lfp/manifoldtest/run_umap_exploratory.py:394: SettingWithCopyWarning: 
A value is trying to be set on a copy of a slice from a DataFrame.
Try using .loc[row_indexer,col_indexer] = value instead

See the caveats in the documentation: https://pandas.pydata.org/pandas-docs/stable/user_guide/indexing.html#returning-a-view-versus-a-copy
  dataframe_unit['trial_number'] = dataframe_unit['trial_number'].astype(int)
/nfs/nhome/live/carlag/granger_lfp/manifoldtest/run_umap_exploratory.py:394: SettingWithCopyWarning: 
A value is trying to be set on a copy of a slice from a DataFrame.
Try using .loc[row_indexer,col_indexer] = value instead

See the caveats in the documentation: https://pandas.pydata.org/pandas-docs/stable/user_guide/indexing.html#returning-a-view-versus-a-copy
  dataframe_unit['trial_number'] = dataframe_unit['trial_number'].astype(int)
/nfs/nhome/live/carlag/granger_lfp/manifoldtest/run_umap_exploratory.py:394: SettingWithCopyWarning: 
A value is trying to be set on a copy of a slice from a DataFrame.
Try using .loc[row_indexer,col_indexer] = value instead

See the caveats in the documentation: https://pandas.pydata.org/pandas-docs/stable/user_guide/indexing.html#returning-a-view-versus-a-copy
  dataframe_unit['trial_number'] = dataframe_unit['trial_number'].astype(int)
/nfs/nhome/live/carlag/granger_lfp/manifoldtest/run_umap_exploratory.py:394: SettingWithCopyWarning: 
A value is trying to be set on a copy of a slice from a DataFrame.
Try using .loc[row_indexer,col_indexer] = value instead

See the caveats in the documentation: https://pandas.pydata.org/pandas-docs/stable/user_guide/indexing.html#returning-a-view-versus-a-copy
  dataframe_unit['trial_number'] = dataframe_unit['trial_number'].astype(int)
/nfs/nhome/live/carlag/granger_lfp/manifoldtest/run_umap_exploratory.py:394: SettingWithCopyWarning: 
A value is trying to be set on a copy of a slice from a DataFrame.
Try using .loc[row_indexer,col_indexer] = value instead

See the caveats in the documentation: https://pandas.pydata.org/pandas-docs/stable/user_guide/indexing.html#returning-a-view-versus-a-copy
  dataframe_unit['trial_number'] = dataframe_unit['trial_number'].astype(int)
/nfs/nhome/live/carlag/granger_lfp/manifoldtest/run_umap_exploratory.py:394: SettingWithCopyWarning: 
A value is trying to be set on a copy of a slice from a DataFrame.
Try using .loc[row_indexer,col_indexer] = value instead

See the caveats in the documentation: https://pandas.pydata.org/pandas-docs/stable/user_guide/indexing.html#returning-a-view-versus-a-copy
  dataframe_unit['trial_number'] = dataframe_unit['trial_number'].astype(int)
/nfs/nhome/live/carlag/granger_lfp/manifoldtest/run_umap_exploratory.py:394: SettingWithCopyWarning: 
A value is trying to be set on a copy of a slice from a DataFrame.
Try using .loc[row_indexer,col_indexer] = value instead

See the caveats in the documentation: https://pandas.pydata.org/pandas-docs/stable/user_guide/indexing.html#returning-a-view-versus-a-copy
  dataframe_unit['trial_number'] = dataframe_unit['trial_number'].astype(int)
/nfs/nhome/live/carlag/granger_lfp/manifoldtest/run_umap_exploratory.py:394: SettingWithCopyWarning: 
A value is trying to be set on a copy of a slice from a DataFrame.
Try using .loc[row_indexer,col_indexer] = value instead

See the caveats in the documentation: https://pandas.pydata.org/pandas-docs/stable/user_guide/indexing.html#returning-a-view-versus-a-copy
  dataframe_unit['trial_number'] = dataframe_unit['trial_number'].astype(int)
/nfs/nhome/live/carlag/granger_lfp/manifoldtest/run_umap_exploratory.py:394: SettingWithCopyWarning: 
A value is trying to be set on a copy of a slice from a DataFrame.
Try using .loc[row_indexer,col_indexer] = value instead

See the caveats in the documentation: https://pandas.pydata.org/pandas-docs/stable/user_guide/indexing.html#returning-a-view-versus-a-copy
  dataframe_unit['trial_number'] = dataframe_unit['trial_number'].astype(int)
/nfs/nhome/live/carlag/granger_lfp/manifoldtest/run_umap_exploratory.py:394: SettingWithCopyWarning: 
A value is trying to be set on a copy of a slice from a DataFrame.
Try using .loc[row_indexer,col_indexer] = value instead

See the caveats in the documentation: https://pandas.pydata.org/pandas-docs/stable/user_guide/indexing.html#returning-a-view-versus-a-copy
  dataframe_unit['trial_number'] = dataframe_unit['trial_number'].astype(int)
/nfs/nhome/live/carlag/granger_lfp/manifoldtest/run_umap_exploratory.py:394: SettingWithCopyWarning: 
A value is trying to be set on a copy of a slice from a DataFrame.
Try using .loc[row_indexer,col_indexer] = value instead

See the caveats in the documentation: https://pandas.pydata.org/pandas-docs/stable/user_guide/indexing.html#returning-a-view-versus-a-copy
  dataframe_unit['trial_number'] = dataframe_unit['trial_number'].astype(int)
/nfs/nhome/live/carlag/granger_lfp/manifoldtest/run_umap_exploratory.py:394: SettingWithCopyWarning: 
A value is trying to be set on a copy of a slice from a DataFrame.
Try using .loc[row_indexer,col_indexer] = value instead

See the caveats in the documentation: https://pandas.pydata.org/pandas-docs/stable/user_guide/indexing.html#returning-a-view-versus-a-copy
  dataframe_unit['trial_number'] = dataframe_unit['trial_number'].astype(int)
/nfs/nhome/live/carlag/granger_lfp/manifoldtest/run_umap_exploratory.py:394: SettingWithCopyWarning: 
A value is trying to be set on a copy of a slice from a DataFrame.
Try using .loc[row_indexer,col_indexer] = value instead

See the caveats in the documentation: https://pandas.pydata.org/pandas-docs/stable/user_guide/indexing.html#returning-a-view-versus-a-copy
  dataframe_unit['trial_number'] = dataframe_unit['trial_number'].astype(int)
/nfs/nhome/live/carlag/granger_lfp/manifoldtest/run_umap_exploratory.py:394: SettingWithCopyWarning: 
A value is trying to be set on a copy of a slice from a DataFrame.
Try using .loc[row_indexer,col_indexer] = value instead

See the caveats in the documentation: https://pandas.pydata.org/pandas-docs/stable/user_guide/indexing.html#returning-a-view-versus-a-copy
  dataframe_unit['trial_number'] = dataframe_unit['trial_number'].astype(int)
/nfs/nhome/live/carlag/granger_lfp/manifoldtest/run_umap_exploratory.py:394: SettingWithCopyWarning: 
A value is trying to be set on a copy of a slice from a DataFrame.
Try using .loc[row_indexer,col_indexer] = value instead

See the caveats in the documentation: https://pandas.pydata.org/pandas-docs/stable/user_guide/indexing.html#returning-a-view-versus-a-copy
  dataframe_unit['trial_number'] = dataframe_unit['trial_number'].astype(int)
/nfs/nhome/live/carlag/granger_lfp/manifoldtest/run_umap_exploratory.py:394: SettingWithCopyWarning: 
A value is trying to be set on a copy of a slice from a DataFrame.
Try using .loc[row_indexer,col_indexer] = value instead

See the caveats in the documentation: https://pandas.pydata.org/pandas-docs/stable/user_guide/indexing.html#returning-a-view-versus-a-copy
  dataframe_unit['trial_number'] = dataframe_unit['trial_number'].astype(int)
/nfs/nhome/live/carlag/granger_lfp/manifoldtest/run_umap_exploratory.py:394: SettingWithCopyWarning: 
A value is trying to be set on a copy of a slice from a DataFrame.
Try using .loc[row_indexer,col_indexer] = value instead

See the caveats in the documentation: https://pandas.pydata.org/pandas-docs/stable/user_guide/indexing.html#returning-a-view-versus-a-copy
  dataframe_unit['trial_number'] = dataframe_unit['trial_number'].astype(int)
/nfs/nhome/live/carlag/granger_lfp/manifoldtest/run_umap_exploratory.py:394: SettingWithCopyWarning: 
A value is trying to be set on a copy of a slice from a DataFrame.
Try using .loc[row_indexer,col_indexer] = value instead

See the caveats in the documentation: https://pandas.pydata.org/pandas-docs/stable/user_guide/indexing.html#returning-a-view-versus-a-copy
  dataframe_unit['trial_number'] = dataframe_unit['trial_number'].astype(int)
/nfs/nhome/live/carlag/granger_lfp/manifoldtest/run_umap_exploratory.py:394: SettingWithCopyWarning: 
A value is trying to be set on a copy of a slice from a DataFrame.
Try using .loc[row_indexer,col_indexer] = value instead

See the caveats in the documentation: https://pandas.pydata.org/pandas-docs/stable/user_guide/indexing.html#returning-a-view-versus-a-copy
  dataframe_unit['trial_number'] = dataframe_unit['trial_number'].astype(int)
/nfs/nhome/live/carlag/granger_lfp/manifoldtest/run_umap_exploratory.py:394: SettingWithCopyWarning: 
A value is trying to be set on a copy of a slice from a DataFrame.
Try using .loc[row_indexer,col_indexer] = value instead

See the caveats in the documentation: https://pandas.pydata.org/pandas-docs/stable/user_guide/indexing.html#returning-a-view-versus-a-copy
  dataframe_unit['trial_number'] = dataframe_unit['trial_number'].astype(int)
/nfs/nhome/live/carlag/granger_lfp/manifoldtest/run_umap_exploratory.py:394: SettingWithCopyWarning: 
A value is trying to be set on a copy of a slice from a DataFrame.
Try using .loc[row_indexer,col_indexer] = value instead

See the caveats in the documentation: https://pandas.pydata.org/pandas-docs/stable/user_guide/indexing.html#returning-a-view-versus-a-copy
  dataframe_unit['trial_number'] = dataframe_unit['trial_number'].astype(int)
/nfs/nhome/live/carlag/granger_lfp/manifoldtest/run_umap_exploratory.py:394: SettingWithCopyWarning: 
A value is trying to be set on a copy of a slice from a DataFrame.
Try using .loc[row_indexer,col_indexer] = value instead

See the caveats in the documentation: https://pandas.pydata.org/pandas-docs/stable/user_guide/indexing.html#returning-a-view-versus-a-copy
  dataframe_unit['trial_number'] = dataframe_unit['trial_number'].astype(int)
/nfs/nhome/live/carlag/granger_lfp/manifoldtest/run_umap_exploratory.py:394: SettingWithCopyWarning: 
A value is trying to be set on a copy of a slice from a DataFrame.
Try using .loc[row_indexer,col_indexer] = value instead

See the caveats in the documentation: https://pandas.pydata.org/pandas-docs/stable/user_guide/indexing.html#returning-a-view-versus-a-copy
  dataframe_unit['trial_number'] = dataframe_unit['trial_number'].astype(int)
/nfs/nhome/live/carlag/granger_lfp/manifoldtest/run_umap_exploratory.py:394: SettingWithCopyWarning: 
A value is trying to be set on a copy of a slice from a DataFrame.
Try using .loc[row_indexer,col_indexer] = value instead

See the caveats in the documentation: https://pandas.pydata.org/pandas-docs/stable/user_guide/indexing.html#returning-a-view-versus-a-copy
  dataframe_unit['trial_number'] = dataframe_unit['trial_number'].astype(int)
/nfs/nhome/live/carlag/granger_lfp/manifoldtest/run_umap_exploratory.py:394: SettingWithCopyWarning: 
A value is trying to be set on a copy of a slice from a DataFrame.
Try using .loc[row_indexer,col_indexer] = value instead

See the caveats in the documentation: https://pandas.pydata.org/pandas-docs/stable/user_guide/indexing.html#returning-a-view-versus-a-copy
  dataframe_unit['trial_number'] = dataframe_unit['trial_number'].astype(int)
/nfs/nhome/live/carlag/granger_lfp/manifoldtest/run_umap_exploratory.py:394: SettingWithCopyWarning: 
A value is trying to be set on a copy of a slice from a DataFrame.
Try using .loc[row_indexer,col_indexer] = value instead

See the caveats in the documentation: https://pandas.pydata.org/pandas-docs/stable/user_guide/indexing.html#returning-a-view-versus-a-copy
  dataframe_unit['trial_number'] = dataframe_unit['trial_number'].astype(int)
/nfs/nhome/live/carlag/granger_lfp/manifoldtest/run_umap_exploratory.py:394: SettingWithCopyWarning: 
A value is trying to be set on a copy of a slice from a DataFrame.
Try using .loc[row_indexer,col_indexer] = value instead

See the caveats in the documentation: https://pandas.pydata.org/pandas-docs/stable/user_guide/indexing.html#returning-a-view-versus-a-copy
  dataframe_unit['trial_number'] = dataframe_unit['trial_number'].astype(int)
/nfs/nhome/live/carlag/granger_lfp/manifoldtest/run_umap_exploratory.py:394: SettingWithCopyWarning: 
A value is trying to be set on a copy of a slice from a DataFrame.
Try using .loc[row_indexer,col_indexer] = value instead

See the caveats in the documentation: https://pandas.pydata.org/pandas-docs/stable/user_guide/indexing.html#returning-a-view-versus-a-copy
  dataframe_unit['trial_number'] = dataframe_unit['trial_number'].astype(int)
/nfs/nhome/live/carlag/granger_lfp/manifoldtest/run_umap_exploratory.py:394: SettingWithCopyWarning: 
A value is trying to be set on a copy of a slice from a DataFrame.
Try using .loc[row_indexer,col_indexer] = value instead

See the caveats in the documentation: https://pandas.pydata.org/pandas-docs/stable/user_guide/indexing.html#returning-a-view-versus-a-copy
  dataframe_unit['trial_number'] = dataframe_unit['trial_number'].astype(int)
/nfs/nhome/live/carlag/granger_lfp/manifoldtest/run_umap_exploratory.py:394: SettingWithCopyWarning: 
A value is trying to be set on a copy of a slice from a DataFrame.
Try using .loc[row_indexer,col_indexer] = value instead

See the caveats in the documentation: https://pandas.pydata.org/pandas-docs/stable/user_guide/indexing.html#returning-a-view-versus-a-copy
  dataframe_unit['trial_number'] = dataframe_unit['trial_number'].astype(int)
/nfs/nhome/live/carlag/granger_lfp/manifoldtest/run_umap_exploratory.py:394: SettingWithCopyWarning: 
A value is trying to be set on a copy of a slice from a DataFrame.
Try using .loc[row_indexer,col_indexer] = value instead

See the caveats in the documentation: https://pandas.pydata.org/pandas-docs/stable/user_guide/indexing.html#returning-a-view-versus-a-copy
  dataframe_unit['trial_number'] = dataframe_unit['trial_number'].astype(int)
/nfs/nhome/live/carlag/granger_lfp/manifoldtest/run_umap_exploratory.py:394: SettingWithCopyWarning: 
A value is trying to be set on a copy of a slice from a DataFrame.
Try using .loc[row_indexer,col_indexer] = value instead

See the caveats in the documentation: https://pandas.pydata.org/pandas-docs/stable/user_guide/indexing.html#returning-a-view-versus-a-copy
  dataframe_unit['trial_number'] = dataframe_unit['trial_number'].astype(int)
/nfs/nhome/live/carlag/granger_lfp/manifoldtest/run_umap_exploratory.py:394: SettingWithCopyWarning: 
A value is trying to be set on a copy of a slice from a DataFrame.
Try using .loc[row_indexer,col_indexer] = value instead

See the caveats in the documentation: https://pandas.pydata.org/pandas-docs/stable/user_guide/indexing.html#returning-a-view-versus-a-copy
  dataframe_unit['trial_number'] = dataframe_unit['trial_number'].astype(int)
/nfs/nhome/live/carlag/granger_lfp/manifoldtest/run_umap_exploratory.py:394: SettingWithCopyWarning: 
A value is trying to be set on a copy of a slice from a DataFrame.
Try using .loc[row_indexer,col_indexer] = value instead

See the caveats in the documentation: https://pandas.pydata.org/pandas-docs/stable/user_guide/indexing.html#returning-a-view-versus-a-copy
  dataframe_unit['trial_number'] = dataframe_unit['trial_number'].astype(int)
/nfs/nhome/live/carlag/granger_lfp/manifoldtest/run_umap_exploratory.py:394: SettingWithCopyWarning: 
A value is trying to be set on a copy of a slice from a DataFrame.
Try using .loc[row_indexer,col_indexer] = value instead

See the caveats in the documentation: https://pandas.pydata.org/pandas-docs/stable/user_guide/indexing.html#returning-a-view-versus-a-copy
  dataframe_unit['trial_number'] = dataframe_unit['trial_number'].astype(int)
/nfs/nhome/live/carlag/granger_lfp/manifoldtest/run_umap_exploratory.py:394: SettingWithCopyWarning: 
A value is trying to be set on a copy of a slice from a DataFrame.
Try using .loc[row_indexer,col_indexer] = value instead

See the caveats in the documentation: https://pandas.pydata.org/pandas-docs/stable/user_guide/indexing.html#returning-a-view-versus-a-copy
  dataframe_unit['trial_number'] = dataframe_unit['trial_number'].astype(int)
/nfs/nhome/live/carlag/granger_lfp/manifoldtest/run_umap_exploratory.py:394: SettingWithCopyWarning: 
A value is trying to be set on a copy of a slice from a DataFrame.
Try using .loc[row_indexer,col_indexer] = value instead

See the caveats in the documentation: https://pandas.pydata.org/pandas-docs/stable/user_guide/indexing.html#returning-a-view-versus-a-copy
  dataframe_unit['trial_number'] = dataframe_unit['trial_number'].astype(int)
/nfs/nhome/live/carlag/granger_lfp/manifoldtest/run_umap_exploratory.py:394: SettingWithCopyWarning: 
A value is trying to be set on a copy of a slice from a DataFrame.
Try using .loc[row_indexer,col_indexer] = value instead

See the caveats in the documentation: https://pandas.pydata.org/pandas-docs/stable/user_guide/indexing.html#returning-a-view-versus-a-copy
  dataframe_unit['trial_number'] = dataframe_unit['trial_number'].astype(int)
/nfs/nhome/live/carlag/granger_lfp/manifoldtest/run_umap_exploratory.py:394: SettingWithCopyWarning: 
A value is trying to be set on a copy of a slice from a DataFrame.
Try using .loc[row_indexer,col_indexer] = value instead

See the caveats in the documentation: https://pandas.pydata.org/pandas-docs/stable/user_guide/indexing.html#returning-a-view-versus-a-copy
  dataframe_unit['trial_number'] = dataframe_unit['trial_number'].astype(int)
/nfs/nhome/live/carlag/granger_lfp/manifoldtest/run_umap_exploratory.py:394: SettingWithCopyWarning: 
A value is trying to be set on a copy of a slice from a DataFrame.
Try using .loc[row_indexer,col_indexer] = value instead

See the caveats in the documentation: https://pandas.pydata.org/pandas-docs/stable/user_guide/indexing.html#returning-a-view-versus-a-copy
  dataframe_unit['trial_number'] = dataframe_unit['trial_number'].astype(int)
/nfs/nhome/live/carlag/granger_lfp/manifoldtest/run_umap_exploratory.py:394: SettingWithCopyWarning: 
A value is trying to be set on a copy of a slice from a DataFrame.
Try using .loc[row_indexer,col_indexer] = value instead

See the caveats in the documentation: https://pandas.pydata.org/pandas-docs/stable/user_guide/indexing.html#returning-a-view-versus-a-copy
  dataframe_unit['trial_number'] = dataframe_unit['trial_number'].astype(int)
/nfs/nhome/live/carlag/granger_lfp/manifoldtest/run_umap_exploratory.py:394: SettingWithCopyWarning: 
A value is trying to be set on a copy of a slice from a DataFrame.
Try using .loc[row_indexer,col_indexer] = value instead

See the caveats in the documentation: https://pandas.pydata.org/pandas-docs/stable/user_guide/indexing.html#returning-a-view-versus-a-copy
  dataframe_unit['trial_number'] = dataframe_unit['trial_number'].astype(int)
/nfs/nhome/live/carlag/granger_lfp/manifoldtest/run_umap_exploratory.py:394: SettingWithCopyWarning: 
A value is trying to be set on a copy of a slice from a DataFrame.
Try using .loc[row_indexer,col_indexer] = value instead

See the caveats in the documentation: https://pandas.pydata.org/pandas-docs/stable/user_guide/indexing.html#returning-a-view-versus-a-copy
  dataframe_unit['trial_number'] = dataframe_unit['trial_number'].astype(int)
/nfs/nhome/live/carlag/granger_lfp/manifoldtest/run_umap_exploratory.py:394: SettingWithCopyWarning: 
A value is trying to be set on a copy of a slice from a DataFrame.
Try using .loc[row_indexer,col_indexer] = value instead

See the caveats in the documentation: https://pandas.pydata.org/pandas-docs/stable/user_guide/indexing.html#returning-a-view-versus-a-copy
  dataframe_unit['trial_number'] = dataframe_unit['trial_number'].astype(int)
/nfs/nhome/live/carlag/granger_lfp/manifoldtest/run_umap_exploratory.py:394: SettingWithCopyWarning: 
A value is trying to be set on a copy of a slice from a DataFrame.
Try using .loc[row_indexer,col_indexer] = value instead

See the caveats in the documentation: https://pandas.pydata.org/pandas-docs/stable/user_guide/indexing.html#returning-a-view-versus-a-copy
  dataframe_unit['trial_number'] = dataframe_unit['trial_number'].astype(int)
/nfs/nhome/live/carlag/granger_lfp/manifoldtest/run_umap_exploratory.py:394: SettingWithCopyWarning: 
A value is trying to be set on a copy of a slice from a DataFrame.
Try using .loc[row_indexer,col_indexer] = value instead

See the caveats in the documentation: https://pandas.pydata.org/pandas-docs/stable/user_guide/indexing.html#returning-a-view-versus-a-copy
  dataframe_unit['trial_number'] = dataframe_unit['trial_number'].astype(int)
/nfs/nhome/live/carlag/granger_lfp/manifoldtest/run_umap_exploratory.py:394: SettingWithCopyWarning: 
A value is trying to be set on a copy of a slice from a DataFrame.
Try using .loc[row_indexer,col_indexer] = value instead

See the caveats in the documentation: https://pandas.pydata.org/pandas-docs/stable/user_guide/indexing.html#returning-a-view-versus-a-copy
  dataframe_unit['trial_number'] = dataframe_unit['trial_number'].astype(int)
/nfs/nhome/live/carlag/granger_lfp/manifoldtest/run_umap_exploratory.py:394: SettingWithCopyWarning: 
A value is trying to be set on a copy of a slice from a DataFrame.
Try using .loc[row_indexer,col_indexer] = value instead

See the caveats in the documentation: https://pandas.pydata.org/pandas-docs/stable/user_guide/indexing.html#returning-a-view-versus-a-copy
  dataframe_unit['trial_number'] = dataframe_unit['trial_number'].astype(int)
/nfs/nhome/live/carlag/granger_lfp/manifoldtest/run_umap_exploratory.py:394: SettingWithCopyWarning: 
A value is trying to be set on a copy of a slice from a DataFrame.
Try using .loc[row_indexer,col_indexer] = value instead

See the caveats in the documentation: https://pandas.pydata.org/pandas-docs/stable/user_guide/indexing.html#returning-a-view-versus-a-copy
  dataframe_unit['trial_number'] = dataframe_unit['trial_number'].astype(int)
/nfs/nhome/live/carlag/granger_lfp/manifoldtest/run_umap_exploratory.py:394: SettingWithCopyWarning: 
A value is trying to be set on a copy of a slice from a DataFrame.
Try using .loc[row_indexer,col_indexer] = value instead

See the caveats in the documentation: https://pandas.pydata.org/pandas-docs/stable/user_guide/indexing.html#returning-a-view-versus-a-copy
  dataframe_unit['trial_number'] = dataframe_unit['trial_number'].astype(int)
/nfs/nhome/live/carlag/granger_lfp/manifoldtest/run_umap_exploratory.py:394: SettingWithCopyWarning: 
A value is trying to be set on a copy of a slice from a DataFrame.
Try using .loc[row_indexer,col_indexer] = value instead

See the caveats in the documentation: https://pandas.pydata.org/pandas-docs/stable/user_guide/indexing.html#returning-a-view-versus-a-copy
  dataframe_unit['trial_number'] = dataframe_unit['trial_number'].astype(int)
/nfs/nhome/live/carlag/granger_lfp/manifoldtest/run_umap_exploratory.py:394: SettingWithCopyWarning: 
A value is trying to be set on a copy of a slice from a DataFrame.
Try using .loc[row_indexer,col_indexer] = value instead

See the caveats in the documentation: https://pandas.pydata.org/pandas-docs/stable/user_guide/indexing.html#returning-a-view-versus-a-copy
  dataframe_unit['trial_number'] = dataframe_unit['trial_number'].astype(int)
/nfs/nhome/live/carlag/granger_lfp/manifoldtest/run_umap_exploratory.py:394: SettingWithCopyWarning: 
A value is trying to be set on a copy of a slice from a DataFrame.
Try using .loc[row_indexer,col_indexer] = value instead

See the caveats in the documentation: https://pandas.pydata.org/pandas-docs/stable/user_guide/indexing.html#returning-a-view-versus-a-copy
  dataframe_unit['trial_number'] = dataframe_unit['trial_number'].astype(int)
/nfs/nhome/live/carlag/granger_lfp/manifoldtest/run_umap_exploratory.py:394: SettingWithCopyWarning: 
A value is trying to be set on a copy of a slice from a DataFrame.
Try using .loc[row_indexer,col_indexer] = value instead

See the caveats in the documentation: https://pandas.pydata.org/pandas-docs/stable/user_guide/indexing.html#returning-a-view-versus-a-copy
  dataframe_unit['trial_number'] = dataframe_unit['trial_number'].astype(int)
/nfs/nhome/live/carlag/granger_lfp/manifoldtest/run_umap_exploratory.py:394: SettingWithCopyWarning: 
A value is trying to be set on a copy of a slice from a DataFrame.
Try using .loc[row_indexer,col_indexer] = value instead

See the caveats in the documentation: https://pandas.pydata.org/pandas-docs/stable/user_guide/indexing.html#returning-a-view-versus-a-copy
  dataframe_unit['trial_number'] = dataframe_unit['trial_number'].astype(int)
/nfs/nhome/live/carlag/granger_lfp/manifoldtest/run_umap_exploratory.py:394: SettingWithCopyWarning: 
A value is trying to be set on a copy of a slice from a DataFrame.
Try using .loc[row_indexer,col_indexer] = value instead

See the caveats in the documentation: https://pandas.pydata.org/pandas-docs/stable/user_guide/indexing.html#returning-a-view-versus-a-copy
  dataframe_unit['trial_number'] = dataframe_unit['trial_number'].astype(int)
/nfs/nhome/live/carlag/granger_lfp/manifoldtest/run_umap_exploratory.py:394: SettingWithCopyWarning: 
A value is trying to be set on a copy of a slice from a DataFrame.
Try using .loc[row_indexer,col_indexer] = value instead

See the caveats in the documentation: https://pandas.pydata.org/pandas-docs/stable/user_guide/indexing.html#returning-a-view-versus-a-copy
  dataframe_unit['trial_number'] = dataframe_unit['trial_number'].astype(int)
/nfs/nhome/live/carlag/granger_lfp/manifoldtest/run_umap_exploratory.py:394: SettingWithCopyWarning: 
A value is trying to be set on a copy of a slice from a DataFrame.
Try using .loc[row_indexer,col_indexer] = value instead

See the caveats in the documentation: https://pandas.pydata.org/pandas-docs/stable/user_guide/indexing.html#returning-a-view-versus-a-copy
  dataframe_unit['trial_number'] = dataframe_unit['trial_number'].astype(int)
/nfs/nhome/live/carlag/granger_lfp/manifoldtest/run_umap_exploratory.py:394: SettingWithCopyWarning: 
A value is trying to be set on a copy of a slice from a DataFrame.
Try using .loc[row_indexer,col_indexer] = value instead

See the caveats in the documentation: https://pandas.pydata.org/pandas-docs/stable/user_guide/indexing.html#returning-a-view-versus-a-copy
  dataframe_unit['trial_number'] = dataframe_unit['trial_number'].astype(int)
/nfs/nhome/live/carlag/granger_lfp/manifoldtest/run_umap_exploratory.py:394: SettingWithCopyWarning: 
A value is trying to be set on a copy of a slice from a DataFrame.
Try using .loc[row_indexer,col_indexer] = value instead

See the caveats in the documentation: https://pandas.pydata.org/pandas-docs/stable/user_guide/indexing.html#returning-a-view-versus-a-copy
  dataframe_unit['trial_number'] = dataframe_unit['trial_number'].astype(int)
/nfs/nhome/live/carlag/granger_lfp/manifoldtest/run_umap_exploratory.py:394: SettingWithCopyWarning: 
A value is trying to be set on a copy of a slice from a DataFrame.
Try using .loc[row_indexer,col_indexer] = value instead

See the caveats in the documentation: https://pandas.pydata.org/pandas-docs/stable/user_guide/indexing.html#returning-a-view-versus-a-copy
  dataframe_unit['trial_number'] = dataframe_unit['trial_number'].astype(int)
/nfs/nhome/live/carlag/granger_lfp/manifoldtest/run_umap_exploratory.py:394: SettingWithCopyWarning: 
A value is trying to be set on a copy of a slice from a DataFrame.
Try using .loc[row_indexer,col_indexer] = value instead

See the caveats in the documentation: https://pandas.pydata.org/pandas-docs/stable/user_guide/indexing.html#returning-a-view-versus-a-copy
  dataframe_unit['trial_number'] = dataframe_unit['trial_number'].astype(int)
/nfs/nhome/live/carlag/granger_lfp/manifoldtest/run_umap_exploratory.py:394: SettingWithCopyWarning: 
A value is trying to be set on a copy of a slice from a DataFrame.
Try using .loc[row_indexer,col_indexer] = value instead

See the caveats in the documentation: https://pandas.pydata.org/pandas-docs/stable/user_guide/indexing.html#returning-a-view-versus-a-copy
  dataframe_unit['trial_number'] = dataframe_unit['trial_number'].astype(int)
/nfs/nhome/live/carlag/granger_lfp/manifoldtest/run_umap_exploratory.py:394: SettingWithCopyWarning: 
A value is trying to be set on a copy of a slice from a DataFrame.
Try using .loc[row_indexer,col_indexer] = value instead

See the caveats in the documentation: https://pandas.pydata.org/pandas-docs/stable/user_guide/indexing.html#returning-a-view-versus-a-copy
  dataframe_unit['trial_number'] = dataframe_unit['trial_number'].astype(int)
/nfs/nhome/live/carlag/granger_lfp/manifoldtest/run_umap_exploratory.py:394: SettingWithCopyWarning: 
A value is trying to be set on a copy of a slice from a DataFrame.
Try using .loc[row_indexer,col_indexer] = value instead

See the caveats in the documentation: https://pandas.pydata.org/pandas-docs/stable/user_guide/indexing.html#returning-a-view-versus-a-copy
  dataframe_unit['trial_number'] = dataframe_unit['trial_number'].astype(int)
/nfs/nhome/live/carlag/granger_lfp/manifoldtest/run_umap_exploratory.py:394: SettingWithCopyWarning: 
A value is trying to be set on a copy of a slice from a DataFrame.
Try using .loc[row_indexer,col_indexer] = value instead

See the caveats in the documentation: https://pandas.pydata.org/pandas-docs/stable/user_guide/indexing.html#returning-a-view-versus-a-copy
  dataframe_unit['trial_number'] = dataframe_unit['trial_number'].astype(int)
/nfs/nhome/live/carlag/granger_lfp/manifoldtest/run_umap_exploratory.py:394: SettingWithCopyWarning: 
A value is trying to be set on a copy of a slice from a DataFrame.
Try using .loc[row_indexer,col_indexer] = value instead

See the caveats in the documentation: https://pandas.pydata.org/pandas-docs/stable/user_guide/indexing.html#returning-a-view-versus-a-copy
  dataframe_unit['trial_number'] = dataframe_unit['trial_number'].astype(int)
/nfs/nhome/live/carlag/granger_lfp/manifoldtest/run_umap_exploratory.py:394: SettingWithCopyWarning: 
A value is trying to be set on a copy of a slice from a DataFrame.
Try using .loc[row_indexer,col_indexer] = value instead

See the caveats in the documentation: https://pandas.pydata.org/pandas-docs/stable/user_guide/indexing.html#returning-a-view-versus-a-copy
  dataframe_unit['trial_number'] = dataframe_unit['trial_number'].astype(int)
/nfs/nhome/live/carlag/granger_lfp/manifoldtest/run_umap_exploratory.py:394: SettingWithCopyWarning: 
A value is trying to be set on a copy of a slice from a DataFrame.
Try using .loc[row_indexer,col_indexer] = value instead

See the caveats in the documentation: https://pandas.pydata.org/pandas-docs/stable/user_guide/indexing.html#returning-a-view-versus-a-copy
  dataframe_unit['trial_number'] = dataframe_unit['trial_number'].astype(int)
/nfs/nhome/live/carlag/granger_lfp/manifoldtest/run_umap_exploratory.py:394: SettingWithCopyWarning: 
A value is trying to be set on a copy of a slice from a DataFrame.
Try using .loc[row_indexer,col_indexer] = value instead

See the caveats in the documentation: https://pandas.pydata.org/pandas-docs/stable/user_guide/indexing.html#returning-a-view-versus-a-copy
  dataframe_unit['trial_number'] = dataframe_unit['trial_number'].astype(int)
/nfs/nhome/live/carlag/granger_lfp/manifoldtest/run_umap_exploratory.py:394: SettingWithCopyWarning: 
A value is trying to be set on a copy of a slice from a DataFrame.
Try using .loc[row_indexer,col_indexer] = value instead

See the caveats in the documentation: https://pandas.pydata.org/pandas-docs/stable/user_guide/indexing.html#returning-a-view-versus-a-copy
  dataframe_unit['trial_number'] = dataframe_unit['trial_number'].astype(int)
/nfs/nhome/live/carlag/granger_lfp/manifoldtest/run_umap_exploratory.py:394: SettingWithCopyWarning: 
A value is trying to be set on a copy of a slice from a DataFrame.
Try using .loc[row_indexer,col_indexer] = value instead

See the caveats in the documentation: https://pandas.pydata.org/pandas-docs/stable/user_guide/indexing.html#returning-a-view-versus-a-copy
  dataframe_unit['trial_number'] = dataframe_unit['trial_number'].astype(int)
/nfs/nhome/live/carlag/granger_lfp/manifoldtest/run_umap_exploratory.py:394: SettingWithCopyWarning: 
A value is trying to be set on a copy of a slice from a DataFrame.
Try using .loc[row_indexer,col_indexer] = value instead

See the caveats in the documentation: https://pandas.pydata.org/pandas-docs/stable/user_guide/indexing.html#returning-a-view-versus-a-copy
  dataframe_unit['trial_number'] = dataframe_unit['trial_number'].astype(int)
/nfs/nhome/live/carlag/granger_lfp/manifoldtest/run_umap_exploratory.py:394: SettingWithCopyWarning: 
A value is trying to be set on a copy of a slice from a DataFrame.
Try using .loc[row_indexer,col_indexer] = value instead

See the caveats in the documentation: https://pandas.pydata.org/pandas-docs/stable/user_guide/indexing.html#returning-a-view-versus-a-copy
  dataframe_unit['trial_number'] = dataframe_unit['trial_number'].astype(int)
/nfs/nhome/live/carlag/granger_lfp/manifoldtest/run_umap_exploratory.py:394: SettingWithCopyWarning: 
A value is trying to be set on a copy of a slice from a DataFrame.
Try using .loc[row_indexer,col_indexer] = value instead

See the caveats in the documentation: https://pandas.pydata.org/pandas-docs/stable/user_guide/indexing.html#returning-a-view-versus-a-copy
  dataframe_unit['trial_number'] = dataframe_unit['trial_number'].astype(int)
/nfs/nhome/live/carlag/granger_lfp/manifoldtest/run_umap_exploratory.py:394: SettingWithCopyWarning: 
A value is trying to be set on a copy of a slice from a DataFrame.
Try using .loc[row_indexer,col_indexer] = value instead

See the caveats in the documentation: https://pandas.pydata.org/pandas-docs/stable/user_guide/indexing.html#returning-a-view-versus-a-copy
  dataframe_unit['trial_number'] = dataframe_unit['trial_number'].astype(int)
/nfs/nhome/live/carlag/granger_lfp/manifoldtest/run_umap_exploratory.py:394: SettingWithCopyWarning: 
A value is trying to be set on a copy of a slice from a DataFrame.
Try using .loc[row_indexer,col_indexer] = value instead

See the caveats in the documentation: https://pandas.pydata.org/pandas-docs/stable/user_guide/indexing.html#returning-a-view-versus-a-copy
  dataframe_unit['trial_number'] = dataframe_unit['trial_number'].astype(int)
/nfs/nhome/live/carlag/granger_lfp/manifoldtest/run_umap_exploratory.py:394: SettingWithCopyWarning: 
A value is trying to be set on a copy of a slice from a DataFrame.
Try using .loc[row_indexer,col_indexer] = value instead

See the caveats in the documentation: https://pandas.pydata.org/pandas-docs/stable/user_guide/indexing.html#returning-a-view-versus-a-copy
  dataframe_unit['trial_number'] = dataframe_unit['trial_number'].astype(int)
/nfs/nhome/live/carlag/granger_lfp/manifoldtest/run_umap_exploratory.py:394: SettingWithCopyWarning: 
A value is trying to be set on a copy of a slice from a DataFrame.
Try using .loc[row_indexer,col_indexer] = value instead

See the caveats in the documentation: https://pandas.pydata.org/pandas-docs/stable/user_guide/indexing.html#returning-a-view-versus-a-copy
  dataframe_unit['trial_number'] = dataframe_unit['trial_number'].astype(int)
/nfs/nhome/live/carlag/granger_lfp/manifoldtest/run_umap_exploratory.py:394: SettingWithCopyWarning: 
A value is trying to be set on a copy of a slice from a DataFrame.
Try using .loc[row_indexer,col_indexer] = value instead

See the caveats in the documentation: https://pandas.pydata.org/pandas-docs/stable/user_guide/indexing.html#returning-a-view-versus-a-copy
  dataframe_unit['trial_number'] = dataframe_unit['trial_number'].astype(int)
/nfs/nhome/live/carlag/granger_lfp/manifoldtest/run_umap_exploratory.py:394: SettingWithCopyWarning: 
A value is trying to be set on a copy of a slice from a DataFrame.
Try using .loc[row_indexer,col_indexer] = value instead

See the caveats in the documentation: https://pandas.pydata.org/pandas-docs/stable/user_guide/indexing.html#returning-a-view-versus-a-copy
  dataframe_unit['trial_number'] = dataframe_unit['trial_number'].astype(int)
/nfs/nhome/live/carlag/granger_lfp/manifoldtest/run_umap_exploratory.py:394: SettingWithCopyWarning: 
A value is trying to be set on a copy of a slice from a DataFrame.
Try using .loc[row_indexer,col_indexer] = value instead

See the caveats in the documentation: https://pandas.pydata.org/pandas-docs/stable/user_guide/indexing.html#returning-a-view-versus-a-copy
  dataframe_unit['trial_number'] = dataframe_unit['trial_number'].astype(int)
/nfs/nhome/live/carlag/granger_lfp/manifoldtest/run_umap_exploratory.py:394: SettingWithCopyWarning: 
A value is trying to be set on a copy of a slice from a DataFrame.
Try using .loc[row_indexer,col_indexer] = value instead

See the caveats in the documentation: https://pandas.pydata.org/pandas-docs/stable/user_guide/indexing.html#returning-a-view-versus-a-copy
  dataframe_unit['trial_number'] = dataframe_unit['trial_number'].astype(int)
/nfs/nhome/live/carlag/granger_lfp/manifoldtest/run_umap_exploratory.py:394: SettingWithCopyWarning: 
A value is trying to be set on a copy of a slice from a DataFrame.
Try using .loc[row_indexer,col_indexer] = value instead

See the caveats in the documentation: https://pandas.pydata.org/pandas-docs/stable/user_guide/indexing.html#returning-a-view-versus-a-copy
  dataframe_unit['trial_number'] = dataframe_unit['trial_number'].astype(int)
/nfs/nhome/live/carlag/granger_lfp/manifoldtest/run_umap_exploratory.py:394: SettingWithCopyWarning: 
A value is trying to be set on a copy of a slice from a DataFrame.
Try using .loc[row_indexer,col_indexer] = value instead

See the caveats in the documentation: https://pandas.pydata.org/pandas-docs/stable/user_guide/indexing.html#returning-a-view-versus-a-copy
  dataframe_unit['trial_number'] = dataframe_unit['trial_number'].astype(int)
/nfs/nhome/live/carlag/granger_lfp/manifoldtest/run_umap_exploratory.py:394: SettingWithCopyWarning: 
A value is trying to be set on a copy of a slice from a DataFrame.
Try using .loc[row_indexer,col_indexer] = value instead

See the caveats in the documentation: https://pandas.pydata.org/pandas-docs/stable/user_guide/indexing.html#returning-a-view-versus-a-copy
  dataframe_unit['trial_number'] = dataframe_unit['trial_number'].astype(int)
/nfs/nhome/live/carlag/granger_lfp/manifoldtest/run_umap_exploratory.py:394: SettingWithCopyWarning: 
A value is trying to be set on a copy of a slice from a DataFrame.
Try using .loc[row_indexer,col_indexer] = value instead

See the caveats in the documentation: https://pandas.pydata.org/pandas-docs/stable/user_guide/indexing.html#returning-a-view-versus-a-copy
  dataframe_unit['trial_number'] = dataframe_unit['trial_number'].astype(int)
/nfs/nhome/live/carlag/granger_lfp/manifoldtest/run_umap_exploratory.py:394: SettingWithCopyWarning: 
A value is trying to be set on a copy of a slice from a DataFrame.
Try using .loc[row_indexer,col_indexer] = value instead

See the caveats in the documentation: https://pandas.pydata.org/pandas-docs/stable/user_guide/indexing.html#returning-a-view-versus-a-copy
  dataframe_unit['trial_number'] = dataframe_unit['trial_number'].astype(int)
/nfs/nhome/live/carlag/granger_lfp/manifoldtest/run_umap_exploratory.py:394: SettingWithCopyWarning: 
A value is trying to be set on a copy of a slice from a DataFrame.
Try using .loc[row_indexer,col_indexer] = value instead

See the caveats in the documentation: https://pandas.pydata.org/pandas-docs/stable/user_guide/indexing.html#returning-a-view-versus-a-copy
  dataframe_unit['trial_number'] = dataframe_unit['trial_number'].astype(int)
/nfs/nhome/live/carlag/granger_lfp/manifoldtest/run_umap_exploratory.py:394: SettingWithCopyWarning: 
A value is trying to be set on a copy of a slice from a DataFrame.
Try using .loc[row_indexer,col_indexer] = value instead

See the caveats in the documentation: https://pandas.pydata.org/pandas-docs/stable/user_guide/indexing.html#returning-a-view-versus-a-copy
  dataframe_unit['trial_number'] = dataframe_unit['trial_number'].astype(int)
/nfs/nhome/live/carlag/granger_lfp/manifoldtest/run_umap_exploratory.py:394: SettingWithCopyWarning: 
A value is trying to be set on a copy of a slice from a DataFrame.
Try using .loc[row_indexer,col_indexer] = value instead

See the caveats in the documentation: https://pandas.pydata.org/pandas-docs/stable/user_guide/indexing.html#returning-a-view-versus-a-copy
  dataframe_unit['trial_number'] = dataframe_unit['trial_number'].astype(int)
/nfs/nhome/live/carlag/granger_lfp/manifoldtest/run_umap_exploratory.py:394: SettingWithCopyWarning: 
A value is trying to be set on a copy of a slice from a DataFrame.
Try using .loc[row_indexer,col_indexer] = value instead

See the caveats in the documentation: https://pandas.pydata.org/pandas-docs/stable/user_guide/indexing.html#returning-a-view-versus-a-copy
  dataframe_unit['trial_number'] = dataframe_unit['trial_number'].astype(int)
/nfs/nhome/live/carlag/granger_lfp/manifoldtest/run_umap_exploratory.py:394: SettingWithCopyWarning: 
A value is trying to be set on a copy of a slice from a DataFrame.
Try using .loc[row_indexer,col_indexer] = value instead

See the caveats in the documentation: https://pandas.pydata.org/pandas-docs/stable/user_guide/indexing.html#returning-a-view-versus-a-copy
  dataframe_unit['trial_number'] = dataframe_unit['trial_number'].astype(int)
/nfs/nhome/live/carlag/granger_lfp/manifoldtest/run_umap_exploratory.py:394: SettingWithCopyWarning: 
A value is trying to be set on a copy of a slice from a DataFrame.
Try using .loc[row_indexer,col_indexer] = value instead

See the caveats in the documentation: https://pandas.pydata.org/pandas-docs/stable/user_guide/indexing.html#returning-a-view-versus-a-copy
  dataframe_unit['trial_number'] = dataframe_unit['trial_number'].astype(int)
/nfs/nhome/live/carlag/granger_lfp/manifoldtest/run_umap_exploratory.py:394: SettingWithCopyWarning: 
A value is trying to be set on a copy of a slice from a DataFrame.
Try using .loc[row_indexer,col_indexer] = value instead

See the caveats in the documentation: https://pandas.pydata.org/pandas-docs/stable/user_guide/indexing.html#returning-a-view-versus-a-copy
  dataframe_unit['trial_number'] = dataframe_unit['trial_number'].astype(int)
/nfs/nhome/live/carlag/granger_lfp/manifoldtest/run_umap_exploratory.py:394: SettingWithCopyWarning: 
A value is trying to be set on a copy of a slice from a DataFrame.
Try using .loc[row_indexer,col_indexer] = value instead

See the caveats in the documentation: https://pandas.pydata.org/pandas-docs/stable/user_guide/indexing.html#returning-a-view-versus-a-copy
  dataframe_unit['trial_number'] = dataframe_unit['trial_number'].astype(int)
/nfs/nhome/live/carlag/granger_lfp/manifoldtest/run_umap_exploratory.py:394: SettingWithCopyWarning: 
A value is trying to be set on a copy of a slice from a DataFrame.
Try using .loc[row_indexer,col_indexer] = value instead

See the caveats in the documentation: https://pandas.pydata.org/pandas-docs/stable/user_guide/indexing.html#returning-a-view-versus-a-copy
  dataframe_unit['trial_number'] = dataframe_unit['trial_number'].astype(int)
/nfs/nhome/live/carlag/granger_lfp/manifoldtest/run_umap_exploratory.py:394: SettingWithCopyWarning: 
A value is trying to be set on a copy of a slice from a DataFrame.
Try using .loc[row_indexer,col_indexer] = value instead

See the caveats in the documentation: https://pandas.pydata.org/pandas-docs/stable/user_guide/indexing.html#returning-a-view-versus-a-copy
  dataframe_unit['trial_number'] = dataframe_unit['trial_number'].astype(int)
/nfs/nhome/live/carlag/granger_lfp/manifoldtest/run_umap_exploratory.py:394: SettingWithCopyWarning: 
A value is trying to be set on a copy of a slice from a DataFrame.
Try using .loc[row_indexer,col_indexer] = value instead

See the caveats in the documentation: https://pandas.pydata.org/pandas-docs/stable/user_guide/indexing.html#returning-a-view-versus-a-copy
  dataframe_unit['trial_number'] = dataframe_unit['trial_number'].astype(int)
/nfs/nhome/live/carlag/granger_lfp/manifoldtest/run_umap_exploratory.py:394: SettingWithCopyWarning: 
A value is trying to be set on a copy of a slice from a DataFrame.
Try using .loc[row_indexer,col_indexer] = value instead

See the caveats in the documentation: https://pandas.pydata.org/pandas-docs/stable/user_guide/indexing.html#returning-a-view-versus-a-copy
  dataframe_unit['trial_number'] = dataframe_unit['trial_number'].astype(int)
/nfs/nhome/live/carlag/granger_lfp/manifoldtest/run_umap_exploratory.py:394: SettingWithCopyWarning: 
A value is trying to be set on a copy of a slice from a DataFrame.
Try using .loc[row_indexer,col_indexer] = value instead

See the caveats in the documentation: https://pandas.pydata.org/pandas-docs/stable/user_guide/indexing.html#returning-a-view-versus-a-copy
  dataframe_unit['trial_number'] = dataframe_unit['trial_number'].astype(int)
/nfs/nhome/live/carlag/granger_lfp/manifoldtest/run_umap_exploratory.py:394: SettingWithCopyWarning: 
A value is trying to be set on a copy of a slice from a DataFrame.
Try using .loc[row_indexer,col_indexer] = value instead

See the caveats in the documentation: https://pandas.pydata.org/pandas-docs/stable/user_guide/indexing.html#returning-a-view-versus-a-copy
  dataframe_unit['trial_number'] = dataframe_unit['trial_number'].astype(int)
/nfs/nhome/live/carlag/granger_lfp/manifoldtest/run_umap_exploratory.py:394: SettingWithCopyWarning: 
A value is trying to be set on a copy of a slice from a DataFrame.
Try using .loc[row_indexer,col_indexer] = value instead

See the caveats in the documentation: https://pandas.pydata.org/pandas-docs/stable/user_guide/indexing.html#returning-a-view-versus-a-copy
  dataframe_unit['trial_number'] = dataframe_unit['trial_number'].astype(int)
/nfs/nhome/live/carlag/granger_lfp/manifoldtest/run_umap_exploratory.py:394: SettingWithCopyWarning: 
A value is trying to be set on a copy of a slice from a DataFrame.
Try using .loc[row_indexer,col_indexer] = value instead

See the caveats in the documentation: https://pandas.pydata.org/pandas-docs/stable/user_guide/indexing.html#returning-a-view-versus-a-copy
  dataframe_unit['trial_number'] = dataframe_unit['trial_number'].astype(int)
/nfs/nhome/live/carlag/granger_lfp/manifoldtest/run_umap_exploratory.py:394: SettingWithCopyWarning: 
A value is trying to be set on a copy of a slice from a DataFrame.
Try using .loc[row_indexer,col_indexer] = value instead

See the caveats in the documentation: https://pandas.pydata.org/pandas-docs/stable/user_guide/indexing.html#returning-a-view-versus-a-copy
  dataframe_unit['trial_number'] = dataframe_unit['trial_number'].astype(int)
/nfs/nhome/live/carlag/granger_lfp/manifoldtest/run_umap_exploratory.py:394: SettingWithCopyWarning: 
A value is trying to be set on a copy of a slice from a DataFrame.
Try using .loc[row_indexer,col_indexer] = value instead

See the caveats in the documentation: https://pandas.pydata.org/pandas-docs/stable/user_guide/indexing.html#returning-a-view-versus-a-copy
  dataframe_unit['trial_number'] = dataframe_unit['trial_number'].astype(int)
/nfs/nhome/live/carlag/granger_lfp/manifoldtest/run_umap_exploratory.py:394: SettingWithCopyWarning: 
A value is trying to be set on a copy of a slice from a DataFrame.
Try using .loc[row_indexer,col_indexer] = value instead

See the caveats in the documentation: https://pandas.pydata.org/pandas-docs/stable/user_guide/indexing.html#returning-a-view-versus-a-copy
  dataframe_unit['trial_number'] = dataframe_unit['trial_number'].astype(int)
/nfs/nhome/live/carlag/granger_lfp/manifoldtest/run_umap_exploratory.py:394: SettingWithCopyWarning: 
A value is trying to be set on a copy of a slice from a DataFrame.
Try using .loc[row_indexer,col_indexer] = value instead

See the caveats in the documentation: https://pandas.pydata.org/pandas-docs/stable/user_guide/indexing.html#returning-a-view-versus-a-copy
  dataframe_unit['trial_number'] = dataframe_unit['trial_number'].astype(int)
/nfs/nhome/live/carlag/granger_lfp/manifoldtest/run_umap_exploratory.py:394: SettingWithCopyWarning: 
A value is trying to be set on a copy of a slice from a DataFrame.
Try using .loc[row_indexer,col_indexer] = value instead

See the caveats in the documentation: https://pandas.pydata.org/pandas-docs/stable/user_guide/indexing.html#returning-a-view-versus-a-copy
  dataframe_unit['trial_number'] = dataframe_unit['trial_number'].astype(int)
/nfs/nhome/live/carlag/granger_lfp/manifoldtest/run_umap_exploratory.py:394: SettingWithCopyWarning: 
A value is trying to be set on a copy of a slice from a DataFrame.
Try using .loc[row_indexer,col_indexer] = value instead

See the caveats in the documentation: https://pandas.pydata.org/pandas-docs/stable/user_guide/indexing.html#returning-a-view-versus-a-copy
  dataframe_unit['trial_number'] = dataframe_unit['trial_number'].astype(int)
/nfs/nhome/live/carlag/granger_lfp/manifoldtest/run_umap_exploratory.py:394: SettingWithCopyWarning: 
A value is trying to be set on a copy of a slice from a DataFrame.
Try using .loc[row_indexer,col_indexer] = value instead

See the caveats in the documentation: https://pandas.pydata.org/pandas-docs/stable/user_guide/indexing.html#returning-a-view-versus-a-copy
  dataframe_unit['trial_number'] = dataframe_unit['trial_number'].astype(int)
/nfs/nhome/live/carlag/granger_lfp/manifoldtest/run_umap_exploratory.py:394: SettingWithCopyWarning: 
A value is trying to be set on a copy of a slice from a DataFrame.
Try using .loc[row_indexer,col_indexer] = value instead

See the caveats in the documentation: https://pandas.pydata.org/pandas-docs/stable/user_guide/indexing.html#returning-a-view-versus-a-copy
  dataframe_unit['trial_number'] = dataframe_unit['trial_number'].astype(int)
/nfs/nhome/live/carlag/granger_lfp/manifoldtest/run_umap_exploratory.py:394: SettingWithCopyWarning: 
A value is trying to be set on a copy of a slice from a DataFrame.
Try using .loc[row_indexer,col_indexer] = value instead

See the caveats in the documentation: https://pandas.pydata.org/pandas-docs/stable/user_guide/indexing.html#returning-a-view-versus-a-copy
  dataframe_unit['trial_number'] = dataframe_unit['trial_number'].astype(int)
/nfs/nhome/live/carlag/granger_lfp/manifoldtest/run_umap_exploratory.py:394: SettingWithCopyWarning: 
A value is trying to be set on a copy of a slice from a DataFrame.
Try using .loc[row_indexer,col_indexer] = value instead

See the caveats in the documentation: https://pandas.pydata.org/pandas-docs/stable/user_guide/indexing.html#returning-a-view-versus-a-copy
  dataframe_unit['trial_number'] = dataframe_unit['trial_number'].astype(int)
/nfs/nhome/live/carlag/granger_lfp/manifoldtest/run_umap_exploratory.py:394: SettingWithCopyWarning: 
A value is trying to be set on a copy of a slice from a DataFrame.
Try using .loc[row_indexer,col_indexer] = value instead

See the caveats in the documentation: https://pandas.pydata.org/pandas-docs/stable/user_guide/indexing.html#returning-a-view-versus-a-copy
  dataframe_unit['trial_number'] = dataframe_unit['trial_number'].astype(int)
/nfs/nhome/live/carlag/granger_lfp/manifoldtest/run_umap_exploratory.py:394: SettingWithCopyWarning: 
A value is trying to be set on a copy of a slice from a DataFrame.
Try using .loc[row_indexer,col_indexer] = value instead

See the caveats in the documentation: https://pandas.pydata.org/pandas-docs/stable/user_guide/indexing.html#returning-a-view-versus-a-copy
  dataframe_unit['trial_number'] = dataframe_unit['trial_number'].astype(int)
/nfs/nhome/live/carlag/granger_lfp/manifoldtest/run_umap_exploratory.py:394: SettingWithCopyWarning: 
A value is trying to be set on a copy of a slice from a DataFrame.
Try using .loc[row_indexer,col_indexer] = value instead

See the caveats in the documentation: https://pandas.pydata.org/pandas-docs/stable/user_guide/indexing.html#returning-a-view-versus-a-copy
  dataframe_unit['trial_number'] = dataframe_unit['trial_number'].astype(int)
/nfs/nhome/live/carlag/granger_lfp/manifoldtest/run_umap_exploratory.py:394: SettingWithCopyWarning: 
A value is trying to be set on a copy of a slice from a DataFrame.
Try using .loc[row_indexer,col_indexer] = value instead

See the caveats in the documentation: https://pandas.pydata.org/pandas-docs/stable/user_guide/indexing.html#returning-a-view-versus-a-copy
  dataframe_unit['trial_number'] = dataframe_unit['trial_number'].astype(int)
/nfs/nhome/live/carlag/granger_lfp/manifoldtest/run_umap_exploratory.py:394: SettingWithCopyWarning: 
A value is trying to be set on a copy of a slice from a DataFrame.
Try using .loc[row_indexer,col_indexer] = value instead

See the caveats in the documentation: https://pandas.pydata.org/pandas-docs/stable/user_guide/indexing.html#returning-a-view-versus-a-copy
  dataframe_unit['trial_number'] = dataframe_unit['trial_number'].astype(int)
/nfs/nhome/live/carlag/granger_lfp/manifoldtest/run_umap_exploratory.py:394: SettingWithCopyWarning: 
A value is trying to be set on a copy of a slice from a DataFrame.
Try using .loc[row_indexer,col_indexer] = value instead

See the caveats in the documentation: https://pandas.pydata.org/pandas-docs/stable/user_guide/indexing.html#returning-a-view-versus-a-copy
  dataframe_unit['trial_number'] = dataframe_unit['trial_number'].astype(int)
/nfs/nhome/live/carlag/granger_lfp/manifoldtest/run_umap_exploratory.py:394: SettingWithCopyWarning: 
A value is trying to be set on a copy of a slice from a DataFrame.
Try using .loc[row_indexer,col_indexer] = value instead

See the caveats in the documentation: https://pandas.pydata.org/pandas-docs/stable/user_guide/indexing.html#returning-a-view-versus-a-copy
  dataframe_unit['trial_number'] = dataframe_unit['trial_number'].astype(int)
/nfs/nhome/live/carlag/granger_lfp/manifoldtest/run_umap_exploratory.py:394: SettingWithCopyWarning: 
A value is trying to be set on a copy of a slice from a DataFrame.
Try using .loc[row_indexer,col_indexer] = value instead

See the caveats in the documentation: https://pandas.pydata.org/pandas-docs/stable/user_guide/indexing.html#returning-a-view-versus-a-copy
  dataframe_unit['trial_number'] = dataframe_unit['trial_number'].astype(int)
/nfs/nhome/live/carlag/granger_lfp/manifoldtest/run_umap_exploratory.py:394: SettingWithCopyWarning: 
A value is trying to be set on a copy of a slice from a DataFrame.
Try using .loc[row_indexer,col_indexer] = value instead

See the caveats in the documentation: https://pandas.pydata.org/pandas-docs/stable/user_guide/indexing.html#returning-a-view-versus-a-copy
  dataframe_unit['trial_number'] = dataframe_unit['trial_number'].astype(int)
/nfs/nhome/live/carlag/granger_lfp/manifoldtest/run_umap_exploratory.py:394: SettingWithCopyWarning: 
A value is trying to be set on a copy of a slice from a DataFrame.
Try using .loc[row_indexer,col_indexer] = value instead

See the caveats in the documentation: https://pandas.pydata.org/pandas-docs/stable/user_guide/indexing.html#returning-a-view-versus-a-copy
  dataframe_unit['trial_number'] = dataframe_unit['trial_number'].astype(int)
/nfs/nhome/live/carlag/granger_lfp/manifoldtest/run_umap_exploratory.py:394: SettingWithCopyWarning: 
A value is trying to be set on a copy of a slice from a DataFrame.
Try using .loc[row_indexer,col_indexer] = value instead

See the caveats in the documentation: https://pandas.pydata.org/pandas-docs/stable/user_guide/indexing.html#returning-a-view-versus-a-copy
  dataframe_unit['trial_number'] = dataframe_unit['trial_number'].astype(int)
/nfs/nhome/live/carlag/granger_lfp/manifoldtest/run_umap_exploratory.py:394: SettingWithCopyWarning: 
A value is trying to be set on a copy of a slice from a DataFrame.
Try using .loc[row_indexer,col_indexer] = value instead

See the caveats in the documentation: https://pandas.pydata.org/pandas-docs/stable/user_guide/indexing.html#returning-a-view-versus-a-copy
  dataframe_unit['trial_number'] = dataframe_unit['trial_number'].astype(int)
/nfs/nhome/live/carlag/granger_lfp/manifoldtest/run_umap_exploratory.py:394: SettingWithCopyWarning: 
A value is trying to be set on a copy of a slice from a DataFrame.
Try using .loc[row_indexer,col_indexer] = value instead

See the caveats in the documentation: https://pandas.pydata.org/pandas-docs/stable/user_guide/indexing.html#returning-a-view-versus-a-copy
  dataframe_unit['trial_number'] = dataframe_unit['trial_number'].astype(int)
/nfs/nhome/live/carlag/granger_lfp/manifoldtest/run_umap_exploratory.py:394: SettingWithCopyWarning: 
A value is trying to be set on a copy of a slice from a DataFrame.
Try using .loc[row_indexer,col_indexer] = value instead

See the caveats in the documentation: https://pandas.pydata.org/pandas-docs/stable/user_guide/indexing.html#returning-a-view-versus-a-copy
  dataframe_unit['trial_number'] = dataframe_unit['trial_number'].astype(int)
/nfs/nhome/live/carlag/.conda/envs/neuralmanifoldenv/lib/python3.10/site-packages/umap/umap_.py:1943: UserWarning: n_jobs value -1 overridden to 1 by setting random_state. Use no seed for parallelism.
  warn(f"n_jobs value {self.n_jobs} overridden to 1 by setting random_state. Use no seed for parallelism.")
slurmstepd-enc1-node2: error: *** JOB 4564456 ON enc1-node2 CANCELLED AT 2024-02-20T20:20:57 DUE TO TIME LIMIT ***
