/nfs/nhome/live/carlag/granger_lfp_and_manifold/manifoldtest/all_var_decoding/all_angle_decoding_rand_allrats_lfadssmooth_splittrainandtest_zscore_250ms.py:15: DeprecationWarning: 
Pyarrow will become a required dependency of pandas in the next major release of pandas (pandas 3.0),
(to allow more performant data types, such as the Arrow string type, and better interoperability with other libraries)
but was not found to be installed on your system.
If this would cause problems for you,
please provide us feedback at https://github.com/pandas-dev/pandas/issues/54466
        
  import pandas as pd
Traceback (most recent call last):
  File "/nfs/nhome/live/carlag/granger_lfp_and_manifold/manifoldtest/all_var_decoding/all_angle_decoding_rand_allrats_lfadssmooth_splittrainandtest_zscore_250ms.py", line 556, in <module>
    main()
  File "/nfs/nhome/live/carlag/granger_lfp_and_manifold/manifoldtest/all_var_decoding/all_angle_decoding_rand_allrats_lfadssmooth_splittrainandtest_zscore_250ms.py", line 540, in main
    best_params, mean_score = train_and_test_on_umap_randcv(
  File "/nfs/nhome/live/carlag/granger_lfp_and_manifold/manifoldtest/all_var_decoding/all_angle_decoding_rand_allrats_lfadssmooth_splittrainandtest_zscore_250ms.py", line 383, in train_and_test_on_umap_randcv
    random_search.fit(spks, y)
  File "/nfs/nhome/live/carlag/.conda/envs/neuralmanifoldenv/lib/python3.10/site-packages/sklearn/base.py", line 1151, in wrapper
    return fit_method(estimator, *args, **kwargs)
  File "/nfs/nhome/live/carlag/.conda/envs/neuralmanifoldenv/lib/python3.10/site-packages/sklearn/model_selection/_search.py", line 898, in fit
    self._run_search(evaluate_candidates)
  File "/nfs/nhome/live/carlag/.conda/envs/neuralmanifoldenv/lib/python3.10/site-packages/sklearn/model_selection/_search.py", line 1806, in _run_search
    evaluate_candidates(
  File "/nfs/nhome/live/carlag/.conda/envs/neuralmanifoldenv/lib/python3.10/site-packages/sklearn/model_selection/_search.py", line 875, in evaluate_candidates
    _warn_or_raise_about_fit_failures(out, self.error_score)
  File "/nfs/nhome/live/carlag/.conda/envs/neuralmanifoldenv/lib/python3.10/site-packages/sklearn/model_selection/_validation.py", line 414, in _warn_or_raise_about_fit_failures
    raise ValueError(all_fits_failed_message)
ValueError: 
All the 5000 fits failed.
It is very likely that your model is misconfigured.
You can try to debug the error by setting error_score='raise'.

Below are more details about the failures:
--------------------------------------------------------------------------------
5000 fits failed with the following error:
Traceback (most recent call last):
  File "/nfs/nhome/live/carlag/.conda/envs/neuralmanifoldenv/lib/python3.10/site-packages/sklearn/model_selection/_validation.py", line 732, in _fit_and_score
    estimator.fit(X_train, y_train, **fit_params)
  File "/nfs/nhome/live/carlag/granger_lfp_and_manifold/manifoldtest/all_var_decoding/all_angle_decoding_rand_allrats_lfadssmooth_splittrainandtest_zscore_250ms.py", line 158, in fit
    routed_params = self._check_method_params(method="fit", props=params)
AttributeError: 'Pipeline' object has no attribute '_check_method_params'

