/nfs/nhome/live/carlag/granger_lfp_and_manifold/manifoldtest/all_var_decoding/all_angle_decoding_rand_allrats_lfadssmooth_independentvars_empiricalwindow.py:16: DeprecationWarning: 
Pyarrow will become a required dependency of pandas in the next major release of pandas (pandas 3.0),
(to allow more performant data types, such as the Arrow string type, and better interoperability with other libraries)
but was not found to be installed on your system.
If this would cause problems for you,
please provide us feedback at https://github.com/pandas-dev/pandas/issues/54466
        
  import pandas as pd
Traceback (most recent call last):
  File "/nfs/nhome/live/carlag/.conda/envs/neuralmanifoldenv/lib/python3.10/site-packages/pandas/core/indexes/base.py", line 3802, in get_loc
    return self._engine.get_loc(casted_key)
  File "index.pyx", line 153, in pandas._libs.index.IndexEngine.get_loc
  File "index.pyx", line 182, in pandas._libs.index.IndexEngine.get_loc
  File "pandas/_libs/hashtable_class_helper.pxi", line 7081, in pandas._libs.hashtable.PyObjectHashTable.get_item
  File "pandas/_libs/hashtable_class_helper.pxi", line 7089, in pandas._libs.hashtable.PyObjectHashTable.get_item
KeyError: 'max_minimum_number_windowss'

The above exception was the direct cause of the following exception:

Traceback (most recent call last):
  File "/nfs/nhome/live/carlag/granger_lfp_and_manifold/manifoldtest/all_var_decoding/all_angle_decoding_rand_allrats_lfadssmooth_independentvars_empiricalwindow.py", line 345, in <module>
    main()
  File "/nfs/nhome/live/carlag/granger_lfp_and_manifold/manifoldtest/all_var_decoding/all_angle_decoding_rand_allrats_lfadssmooth_independentvars_empiricalwindow.py", line 267, in main
    num_windows = window_df[window_df['rat_id'] == rat_id]['max_minimum_number_windowss'].values[0]
  File "/nfs/nhome/live/carlag/.conda/envs/neuralmanifoldenv/lib/python3.10/site-packages/pandas/core/frame.py", line 4090, in __getitem__
    indexer = self.columns.get_loc(key)
  File "/nfs/nhome/live/carlag/.conda/envs/neuralmanifoldenv/lib/python3.10/site-packages/pandas/core/indexes/base.py", line 3809, in get_loc
    raise KeyError(key) from err
KeyError: 'max_minimum_number_windowss'
